[debug] [2021-01-30T07:24:18.663Z] ----------------------------------------------------------------------
[debug] [2021-01-30T07:24:18.665Z] Command:       C:\Program Files\nodejs\node.exe C:\Users\Khushal Bhardwaj\AppData\Roaming\npm\node_modules\firebase-tools\lib\bin\firebase.js init
[debug] [2021-01-30T07:24:18.665Z] CLI Version:   9.2.2
[debug] [2021-01-30T07:24:18.665Z] Platform:      win32
[debug] [2021-01-30T07:24:18.665Z] Node Version:  v14.15.3
[debug] [2021-01-30T07:24:18.666Z] Time:          Sat Jan 30 2021 12:54:18 GMT+0530 (India Standard Time)
[debug] [2021-01-30T07:24:18.666Z] ----------------------------------------------------------------------
[debug] [2021-01-30T07:24:18.666Z] 
[debug] [2021-01-30T07:24:18.670Z] > command requires scopes: ["email","openid","https://www.googleapis.com/auth/cloudplatformprojects.readonly","https://www.googleapis.com/auth/firebase","https://www.googleapis.com/auth/cloud-platform"]
[debug] [2021-01-30T07:24:18.670Z] > authorizing via signed-in user
[info] 
     ######## #### ########  ######## ########     ###     ######  ########
     ##        ##  ##     ## ##       ##     ##  ##   ##  ##       ##
     ######    ##  ########  ######   ########  #########  ######  ######
     ##        ##  ##    ##  ##       ##     ## ##     ##       ## ##
     ##       #### ##     ## ######## ########  ##     ##  ######  ########

You're about to initialize a Firebase project in this directory:

  D:\Khushal\Code\mern-tinder-clone\client

[info] 
=== Project Setup
[info] 
[info] First, let's associate this project directory with a Firebase project.
[info] You can create multiple project aliases by running firebase use --add, 
[info] but for now we'll just set up a default project.
[info] 
[debug] [2021-01-30T07:24:26.348Z] >>> [apiv2][query] GET https://firebase.googleapis.com/v1beta1/projects pageSize=100
[debug] [2021-01-30T07:24:27.279Z] <<< [apiv2][status] GET https://firebase.googleapis.com/v1beta1/projects 200
[debug] [2021-01-30T07:24:27.279Z] <<< [apiv2][body] GET https://firebase.googleapis.com/v1beta1/projects [omitted]
[info] i  Using project mern-tinder-clone-37ff9 (mern-tinder-clone) 
[info] 
=== Hosting Setup
[info] 
[info] Your public directory is the folder (relative to your project directory) that
[info] will contain Hosting assets to be uploaded with firebase deploy. If you
[info] have a build process for your assets, use your build's output directory.
[info] 
[debug] [2021-01-30T07:26:46.656Z] ----------------------------------------------------------------------
[debug] [2021-01-30T07:26:46.658Z] Command:       C:\Program Files\nodejs\node.exe C:\Users\Khushal Bhardwaj\AppData\Roaming\npm\node_modules\firebase-tools\lib\bin\firebase.js init
[debug] [2021-01-30T07:26:46.658Z] CLI Version:   9.2.2
[debug] [2021-01-30T07:26:46.658Z] Platform:      win32
[debug] [2021-01-30T07:26:46.658Z] Node Version:  v14.15.3
[debug] [2021-01-30T07:26:46.659Z] Time:          Sat Jan 30 2021 12:56:46 GMT+0530 (India Standard Time)
[debug] [2021-01-30T07:26:46.659Z] ----------------------------------------------------------------------
[debug] [2021-01-30T07:26:46.659Z] 
[debug] [2021-01-30T07:26:46.663Z] > command requires scopes: ["email","openid","https://www.googleapis.com/auth/cloudplatformprojects.readonly","https://www.googleapis.com/auth/firebase","https://www.googleapis.com/auth/cloud-platform"]
[debug] [2021-01-30T07:26:46.663Z] > authorizing via signed-in user
[info] 
     ######## #### ########  ######## ########     ###     ######  ########
     ##        ##  ##     ## ##       ##     ##  ##   ##  ##       ##
     ######    ##  ########  ######   ########  #########  ######  ######
     ##        ##  ##    ##  ##       ##     ## ##     ##       ## ##
     ##       #### ##     ## ######## ########  ##     ##  ######  ########

You're about to initialize a Firebase project in this directory:

  D:\Khushal\Code\mern-tinder-clone\client

[info] 
=== Project Setup
[info] 
[info] First, let's associate this project directory with a Firebase project.
[info] You can create multiple project aliases by running firebase use --add, 
[info] but for now we'll just set up a default project.
[info] 
[debug] [2021-01-30T07:26:55.024Z] >>> [apiv2][query] GET https://firebase.googleapis.com/v1beta1/projects pageSize=100
[debug] [2021-01-30T07:26:55.639Z] <<< [apiv2][status] GET https://firebase.googleapis.com/v1beta1/projects 200
[debug] [2021-01-30T07:26:55.639Z] <<< [apiv2][body] GET https://firebase.googleapis.com/v1beta1/projects [omitted]
[info] i  Using project mern-tinder-clone-37ff9 (mern-tinder-clone) 
[info] 
=== Hosting Setup
[info] 
[info] Your public directory is the folder (relative to your project directory) that
[info] will contain Hosting assets to be uploaded with firebase deploy. If you
[info] have a build process for your assets, use your build's output directory.
[info] 
[debug] [2021-01-30T07:27:40.386Z] >>> [apiv2][query] GET https://www.gstatic.com/firebasejs/releases.json [none]
[debug] [2021-01-30T07:27:40.561Z] <<< [apiv2][status] GET https://www.gstatic.com/firebasejs/releases.json 200
[debug] [2021-01-30T07:27:40.561Z] <<< [apiv2][body] GET https://www.gstatic.com/firebasejs/releases.json {"current":{"version":"8.2.5","browserURL":"https://www.gstatic.com/firebasejs/8.2.5/firebase.js","packageURL":"https://www.gstatic.com/firebasejs/8.2.5/firebase.tgz"},"live":{"version":"8.2","browserURL":"https://www.gstatic.com/firebasejs/live/8.2/firebase.js","packageURL":"https://www.gstatic.com/firebasejs/live/8.2/firebase.tgz"},"components":{"analytics":"https://www.gstatic.com/firebasejs/8.2.5/firebase-analytics.js","app":"https://www.gstatic.com/firebasejs/8.2.5/firebase-app.js","auth":"https://www.gstatic.com/firebasejs/8.2.5/firebase-auth.js","database":"https://www.gstatic.com/firebasejs/8.2.5/firebase-database.js","firestore":"https://www.gstatic.com/firebasejs/8.2.5/firebase-firestore.js","functions":"https://www.gstatic.com/firebasejs/8.2.5/firebase-functions.js","installations":"https://www.gstatic.com/firebasejs/8.2.5/firebase-installations.js","messaging":"https://www.gstatic.com/firebasejs/8.2.5/firebase-messaging.js","storage":"https://www.gstatic.com/firebasejs/8.2.5/firebase-storage.js","performance":"https://www.gstatic.com/firebasejs/8.2.5/firebase-performance.js","remote-config":"https://www.gstatic.com/firebasejs/8.2.5/firebase-remote-config.js","firestore.memory":"https://www.gstatic.com/firebasejs/8.2.5/firebase-firestore.memory.js"}}
[info] +  Wrote build/index.html 
[info] 
[info] i  Detected a .git folder at D:\Khushal\Code\mern-tinder-clone 
[info] i  Authorizing with GitHub to upload your service account to a GitHub repository's secrets store. 
[info] 
[info] Visit this URL on this device to log in:
[info] https://github.com/login/oauth/authorize?client_id=89cf50f02ac6aaed3484&state=889393331&redirect_uri=http%3A%2F%2Flocalhost%3A9005&scope=read%3Auser%20repo%20public_repo
[info] 
[info] Waiting for authentication...
[debug] [2021-01-30T07:28:32.971Z] >>> HTTP REQUEST POST https://github.com/login/oauth/access_token  
 {"client_id":"89cf50f02ac6aaed3484","client_secret":"3330d14abc895d9a74d5f17cd7a00711fa2c5bf0","code":"65946c45d02566a8e078","redirect_uri":"http://localhost:9005","state":"889393331"}
[debug] [2021-01-30T07:28:33.447Z] <<< HTTP RESPONSE 200 {"date":"Sat, 30 Jan 2021 07:28:25 GMT","content-type":"application/json; charset=utf-8","transfer-encoding":"chunked","server":"GitHub.com","status":"200 OK","vary":"X-PJAX, Accept-Encoding, Accept, X-Requested-With, Accept-Encoding","etag":"W/\"58bffad08331a9d81822e52174ea5795\"","cache-control":"max-age=0, private, must-revalidate","strict-transport-security":"max-age=31536000; includeSubdomains; preload","x-frame-options":"deny","x-content-type-options":"nosniff","x-xss-protection":"1; mode=block","referrer-policy":"origin-when-cross-origin, strict-origin-when-cross-origin","expect-ct":"max-age=2592000, report-uri=\"https://api.github.com/_private/browser/errors\"","content-security-policy":"default-src 'none'; base-uri 'self'; block-all-mixed-content; connect-src 'self' uploads.github.com www.githubstatus.com collector.githubapp.com api.github.com github-cloud.s3.amazonaws.com github-production-repository-file-5c1aeb.s3.amazonaws.com github-production-upload-manifest-file-7fdce7.s3.amazonaws.com github-production-user-asset-6210df.s3.amazonaws.com cdn.optimizely.com logx.optimizely.com/v1/events wss://alive.github.com; font-src github.githubassets.com; form-action 'self' github.com gist.github.com; frame-ancestors 'none'; frame-src render.githubusercontent.com; img-src 'self' data: github.githubassets.com identicons.github.com collector.githubapp.com github-cloud.s3.amazonaws.com *.githubusercontent.com; manifest-src 'self'; media-src 'none'; script-src github.githubassets.com; style-src 'unsafe-inline' github.githubassets.com; worker-src github.com/socket-worker-5029ae85.js gist.github.com/socket-worker-5029ae85.js","x-github-request-id":"F00D:52D5:34F23C:3AF5AA:60150A98"}
[debug] [2021-01-30T07:28:33.448Z] >>> [apiv2][query] GET https://api.github.com/user [none]
[debug] [2021-01-30T07:28:33.817Z] <<< [apiv2][status] GET https://api.github.com/user 200
[debug] [2021-01-30T07:28:33.817Z] <<< [apiv2][body] GET https://api.github.com/user {"login":"khushalbhardwaj-0111","id":76873719,"node_id":"MDQ6VXNlcjc2ODczNzE5","avatar_url":"https://avatars.githubusercontent.com/u/76873719?v=4","gravatar_id":"","url":"https://api.github.com/users/khushalbhardwaj-0111","html_url":"https://github.com/khushalbhardwaj-0111","followers_url":"https://api.github.com/users/khushalbhardwaj-0111/followers","following_url":"https://api.github.com/users/khushalbhardwaj-0111/following{/other_user}","gists_url":"https://api.github.com/users/khushalbhardwaj-0111/gists{/gist_id}","starred_url":"https://api.github.com/users/khushalbhardwaj-0111/starred{/owner}{/repo}","subscriptions_url":"https://api.github.com/users/khushalbhardwaj-0111/subscriptions","organizations_url":"https://api.github.com/users/khushalbhardwaj-0111/orgs","repos_url":"https://api.github.com/users/khushalbhardwaj-0111/repos","events_url":"https://api.github.com/users/khushalbhardwaj-0111/events{/privacy}","received_events_url":"https://api.github.com/users/khushalbhardwaj-0111/received_events","type":"User","site_admin":false,"name":null,"company":null,"blog":"","location":"Jaipur, Rajasthan","email":null,"hireable":null,"bio":"Yo! I'm 16, learning Python, Javascript, Django and much more.","twitter_username":"khushal56501057","public_repos":4,"public_gists":0,"followers":0,"following":0,"created_at":"2021-01-02T14:03:58Z","updated_at":"2021-01-30T07:28:24Z","private_gists":0,"total_private_repos":1,"owned_private_repos":1,"disk_usage":730,"collaborators":0,"two_factor_authentication":false,"plan":{"name":"free","space":976562499,"collaborators":0,"private_repos":10000}}
[info] 
[info] +  Success! Logged into GitHub as khushalbhardwaj-0111 
[info] 
